Traceback (most recent call last):
  File "/Users/alissahuskey/Library/Caches/pypoetry/virtualenvs/python-class-Xq3GLStO-py3.8/lib/python3.8/site-packages/jupyter_cache/executors/utils.py", line 51, in single_nb_execution
    executenb(
  File "/Users/alissahuskey/Library/Caches/pypoetry/virtualenvs/python-class-Xq3GLStO-py3.8/lib/python3.8/site-packages/nbclient/client.py", line 1087, in execute
    return NotebookClient(nb=nb, resources=resources, km=km, **kwargs).execute()
  File "/Users/alissahuskey/Library/Caches/pypoetry/virtualenvs/python-class-Xq3GLStO-py3.8/lib/python3.8/site-packages/nbclient/util.py", line 74, in wrapped
    return just_run(coro(*args, **kwargs))
  File "/Users/alissahuskey/Library/Caches/pypoetry/virtualenvs/python-class-Xq3GLStO-py3.8/lib/python3.8/site-packages/nbclient/util.py", line 53, in just_run
    return loop.run_until_complete(coro)
  File "/Users/alissahuskey/.pyenv/versions/3.8.1/lib/python3.8/asyncio/base_events.py", line 612, in run_until_complete
    return future.result()
  File "/Users/alissahuskey/Library/Caches/pypoetry/virtualenvs/python-class-Xq3GLStO-py3.8/lib/python3.8/site-packages/nbclient/client.py", line 540, in async_execute
    await self.async_execute_cell(
  File "/Users/alissahuskey/Library/Caches/pypoetry/virtualenvs/python-class-Xq3GLStO-py3.8/lib/python3.8/site-packages/nbclient/client.py", line 832, in async_execute_cell
    self._check_raise_for_error(cell, exec_reply)
  File "/Users/alissahuskey/Library/Caches/pypoetry/virtualenvs/python-class-Xq3GLStO-py3.8/lib/python3.8/site-packages/nbclient/client.py", line 740, in _check_raise_for_error
    raise CellExecutionError.from_cell_and_msg(cell, exec_reply['content'])
nbclient.exceptions.CellExecutionError: An error occurred while executing the following cell:
------------------

3                        # a stand-alone vaue is the simplest expression
"hello"                  # a stand-alone string value
today = 16               # evaluates to 16
today                    # a variable
yesterday = today - 1    # two expressions: #1: today - 1, #2: yesterday = 15
input()                  # functions with a return value also evaluate to a value

------------------

[38;2;231;233;219;01m---------------------------------------------------------------------------[38;2;231;233;219m
[38;2;239;97;85mStdinNotImplementedError[38;2;231;233;219m                  Traceback (most recent call last)
[38;2;254;196;24m<ipython-input-5-2189e5f2256f>[38;2;231;233;219m in [38;2;239;97;85m<module>[38;2;249;155;21m[38;2;231;233;219m
[38;2;249;155;21m      4[38;2;231;233;219m [38;2;231;233;219mtoday[0m                    [38;2;119;110;113m# a variable[0m[38;2;231;233;219m[0m[38;2;231;233;219m[0m[0m
[38;2;249;155;21m      5[38;2;231;233;219m [38;2;231;233;219myesterday[0m [38;2;91;196;191m=[0m [38;2;231;233;219mtoday[0m [38;2;91;196;191m-[0m [38;2;249;155;21m1[0m    [38;2;119;110;113m# two expressions: #1: today - 1, #2: yesterday = 15[0m[38;2;231;233;219m[0m[38;2;231;233;219m[0m[0m
[38;2;249;155;21m----> 6[38;2;249;155;21m [38;2;231;233;219minput[0m[38;2;91;196;191m([0m[38;2;91;196;191m)[0m                  [38;2;119;110;113m# functions with a return value also evaluate to a value[0m[38;2;231;233;219m[0m[38;2;231;233;219m[0m[0m
[38;2;231;233;219m
[38;2;254;196;24m~/Library/Caches/pypoetry/virtualenvs/python-class-Xq3GLStO-py3.8/lib/python3.8/site-packages/ipykernel/kernelbase.py[38;2;231;233;219m in [38;2;239;97;85mraw_input[38;2;249;155;21m(self, prompt)[38;2;231;233;219m
[38;2;249;155;21m    855[38;2;231;233;219m         """
[38;2;249;155;21m    856[38;2;231;233;219m         [38;2;129;91;164mif[0m [38;2;129;91;164mnot[0m [38;2;231;233;219mself[0m[38;2;91;196;191m.[0m[38;2;231;233;219m_allow_stdin[0m[38;2;91;196;191m:[0m[38;2;231;233;219m[0m[38;2;231;233;219m[0m[0m
[38;2;249;155;21m--> 857[38;2;249;155;21m             raise StdinNotImplementedError(
[38;2;231;233;219m[38;2;249;155;21m    858[38;2;231;233;219m                 [38;2;72;182;133m"raw_input was called, but this frontend does not support input requests."[0m[38;2;231;233;219m[0m[38;2;231;233;219m[0m[0m
[38;2;249;155;21m    859[38;2;231;233;219m             )

[38;2;239;97;85mStdinNotImplementedError[38;2;231;233;219m: raw_input was called, but this frontend does not support input requests.
StdinNotImplementedError: raw_input was called, but this frontend does not support input requests.

